<?xml version="1.0" encoding="UTF-8"?>
<testng-results skipped="0" failed="0" ignored="0" total="1" passed="1">
  <reporter-output>
  </reporter-output>
  <suite name="Suite" duration-ms="14849" started-at="2018-08-23T11:11:31Z" finished-at="2018-08-23T11:11:45Z">
    <groups>
    </groups>
    <test name="Recharge" duration-ms="14849" started-at="2018-08-23T11:11:31Z" finished-at="2018-08-23T11:11:45Z">
      <class name="com.training.tests.recharge">
        <test-method status="PASS" signature="BeforeSuite()[pri:0, instance:com.training.tests.recharge@13deb50e]" name="BeforeSuite" is-config="true" duration-ms="198" started-at="2018-08-23T16:41:30Z" finished-at="2018-08-23T16:41:31Z">
          <reporter-output>
          </reporter-output>
        </test-method> <!-- BeforeSuite -->
        <test-method status="PASS" signature="automationSetup(java.lang.String, java.lang.String)[pri:0, instance:com.training.tests.recharge@13deb50e]" name="automationSetup" is-config="true" duration-ms="10554" started-at="2018-08-23T16:41:31Z" finished-at="2018-08-23T16:41:41Z">
          <params>
            <param index="0">
              <value>
                <![CDATA[chrome]]>
              </value>
            </param>
            <param index="1">
              <value>
                <![CDATA[http://brijb05:8083/Demo/DOXCOM.html]]>
              </value>
            </param>
          </params>
          <reporter-output>
          </reporter-output>
        </test-method> <!-- automationSetup -->
        <test-method status="PASS" signature="verify()[pri:0, instance:com.training.tests.recharge@13deb50e]" name="verify" duration-ms="3164" started-at="2018-08-23T16:41:41Z" finished-at="2018-08-23T16:41:44Z">
          <reporter-output>
          </reporter-output>
        </test-method> <!-- verify -->
        <test-method status="PASS" signature="automationTeardown()[pri:0, instance:com.training.tests.recharge@13deb50e]" name="automationTeardown" is-config="true" duration-ms="1116" started-at="2018-08-23T16:41:44Z" finished-at="2018-08-23T16:41:45Z">
          <reporter-output>
          </reporter-output>
        </test-method> <!-- automationTeardown -->
        <test-method status="PASS" signature="afterSuite()[pri:0, instance:com.training.tests.recharge@13deb50e]" name="afterSuite" is-config="true" duration-ms="196" started-at="2018-08-23T16:41:46Z" finished-at="2018-08-23T16:41:46Z">
          <reporter-output>
          </reporter-output>
        </test-method> <!-- afterSuite -->
      </class> <!-- com.training.tests.recharge -->
    </test> <!-- Recharge -->
  </suite> <!-- Suite -->
</testng-results>
